
> web@0.1.0 build C:\Users\HomePC\Desktop\opnmart\apps\web
> next build

▲ Next.js 16.1.6 (Turbopack)
- Environments: .env

⚠ The "middleware" file convention is deprecated. Please use "proxy" instead. Learn more: https://nextjs.org/docs/messages/middleware-to-proxy
  Creating an optimized production build ...
✓ Compiled successfully in 6.1s
  Running TypeScript ...
  Collecting page data using 15 workers ...
  Generating static pages using 15 workers (0/25) ...
  Generating static pages using 15 workers (6/25) 
  Generating static pages using 15 workers (12/25) 
  Generating static pages using 15 workers (18/25) 
✓ Generating static pages using 15 workers (25/25) in 1134.1ms
  Finalizing page optimization ...

Route (app)
┌ ○ /
├ ○ /_not-found
├ ○ /about
├ ○ /dashboard/admin
├ ○ /dashboard/admin/buyers
├ ○ /dashboard/admin/orders
├ ○ /dashboard/admin/payments
├ ○ /dashboard/admin/sellers
├ ƒ /dashboard/admin/sellers/[id]
├ ○ /dashboard/admin/settings
├ ○ /dashboard/seller
├ ○ /dashboard/seller/analytics
├ ○ /dashboard/seller/customers
├ ○ /dashboard/seller/inventory
├ ○ /dashboard/seller/messages
├ ○ /dashboard/seller/orders
├ ○ /dashboard/seller/products
├ ○ /dashboard/seller/settings
├ ○ /dashboard/seller/support
├ ○ /dashboard/seller/themes
├ ƒ /dashboard/seller/themes/preview/[themeId]
├ ○ /features
├ ○ /login
├ ○ /pricing
├ ○ /register
├ ƒ /store/[subdomain]
├ ƒ /store/[subdomain]/about
├ ƒ /store/[subdomain]/checkout
├ ƒ /store/[subdomain]/customer
├ ƒ /store/[subdomain]/customer/login
├ ƒ /store/[subdomain]/customer/messages
├ ƒ /store/[subdomain]/customer/orders
├ ƒ /store/[subdomain]/customer/profile
├ ƒ /store/[subdomain]/dashboard
├ ƒ /store/[subdomain]/products/[slug]
└ ƒ /store/[subdomain]/shop


ƒ Proxy (Middleware)

○  (Static)   prerendered as static content
ƒ  (Dynamic)  server-rendered on demand

