
> web@0.1.0 build C:\Users\HomePC\Desktop\opnmart\apps\web
> next build

▲ Next.js 16.1.6 (Turbopack)
- Environments: .env

⚠ The "middleware" file convention is deprecated. Please use "proxy" instead. Learn more: https://nextjs.org/docs/messages/middleware-to-proxy
  Creating an optimized production build ...

> Build error occurred
Error: Turbopack build failed with 2 errors:
./apps/web/src/app/dashboard/seller/customers/page.tsx:1:20
Ecmascript file had an error
[0m[31m[1m>[22m[39m[90m 1 |[39m [36mimport[39m { useState[33m,[39m useEffect } [36mfrom[39m [32m'react'[39m[33m;[39m
 [90m   |[39m                    [31m[1m^[22m[39m[31m[1m^[22m[39m[31m[1m^[22m[39m[31m[1m^[22m[39m[31m[1m^[22m[39m[31m[1m^[22m[39m[31m[1m^[22m[39m[31m[1m^[22m[39m[31m[1m^[22m[39m
 [90m 2 |[39m [36mimport[39m api [36mfrom[39m [32m'@/lib/api'[39m[33m;[39m
 [90m 3 |[39m [36mimport[39m { useAuthStore } [36mfrom[39m [32m'@/store/useAuthStore'[39m[33m;[39m
 [90m 4 |[39m [36mimport[39m { [33mLoader2[39m } [36mfrom[39m [32m'lucide-react'[39m[33m;[39m[0m

You're importing a component that needs `useEffect`. This React Hook only works in a Client Component. To fix, mark the file (or its parent) with the `"use client"` directive.

 Learn more: https://nextjs.org/docs/app/api-reference/directives/use-client




./apps/web/src/app/dashboard/seller/customers/page.tsx:1:10
Ecmascript file had an error
[0m[31m[1m>[22m[39m[90m 1 |[39m [36mimport[39m { useState[33m,[39m useEffect } [36mfrom[39m [32m'react'[39m[33m;[39m
 [90m   |[39m          [31m[1m^[22m[39m[31m[1m^[22m[39m[31m[1m^[22m[39m[31m[1m^[22m[39m[31m[1m^[22m[39m[31m[1m^[22m[39m[31m[1m^[22m[39m[31m[1m^[22m[39m
 [90m 2 |[39m [36mimport[39m api [36mfrom[39m [32m'@/lib/api'[39m[33m;[39m
 [90m 3 |[39m [36mimport[39m { useAuthStore } [36mfrom[39m [32m'@/store/useAuthStore'[39m[33m;[39m
 [90m 4 |[39m [36mimport[39m { [33mLoader2[39m } [36mfrom[39m [32m'lucide-react'[39m[33m;[39m[0m

You're importing a component that needs `useState`. This React Hook only works in a Client Component. To fix, mark the file (or its parent) with the `"use client"` directive.

 Learn more: https://nextjs.org/docs/app/api-reference/directives/use-client




    at <unknown> (./apps/web/src/app/dashboard/seller/customers/page.tsx:1:20)
    at <unknown> (./apps/web/src/app/dashboard/seller/customers/page.tsx:1:10)
C:\Users\HomePC\Desktop\opnmart\apps\web:
 ERR_PNPM_RECURSIVE_RUN_FIRST_FAIL  web@0.1.0 build: `next build`
Exit status 1
