
> web@0.1.0 build C:\Users\HomePC\Desktop\opnmart\apps\web
> next build

▲ Next.js 16.1.6 (Turbopack)
- Environments: .env

⚠ The "middleware" file convention is deprecated. Please use "proxy" instead. Learn more: https://nextjs.org/docs/messages/middleware-to-proxy
  Creating an optimized production build ...
✓ Compiled successfully in 5.7s
  Running TypeScript ...
  Collecting page data using 15 workers ...
  Generating static pages using 15 workers (0/25) ...
  Generating static pages using 15 workers (6/25) 
Error occurred prerendering page "/dashboard/seller/customers". Read more: https://nextjs.org/docs/messages/prerender-error
TypeError: n.default.useSyncExternalStore is not a function
    at <unknown> (C:\Users\HomePC\Desktop\opnmart\apps\web\.next\server\chunks\ssr\_b672dc13._.js:3:30154)
    at c (C:\Users\HomePC\Desktop\opnmart\apps\web\.next\server\chunks\ssr\_b672dc13._.js:3:30330)
    at bZ (C:\Users\HomePC\Desktop\opnmart\apps\web\.next\server\chunks\ssr\_b672dc13._.js:3:32763)
    at stringify (<anonymous>) {
  digest: '2122463372'
}
Export encountered an error on /dashboard/seller/customers/page: /dashboard/seller/customers, exiting the build.
⨯ Next.js build worker exited with code: 1 and signal: null
C:\Users\HomePC\Desktop\opnmart\apps\web:
 ERR_PNPM_RECURSIVE_RUN_FIRST_FAIL  web@0.1.0 build: `next build`
Exit status 1
