[2026-01-30T09:34:05.632Z] POST /api/auth/login - Error: {"name":"PrismaClientUnknownRequestError","clientVersion":"6.2.1"}
Stack: PrismaClientUnknownRequestError: 
Invalid `this.prisma.user.findUnique()` invocation in
C:\Users\HomePC\Desktop\opnmart\apps\api\dist\main.js:942:49

  939 }
  940 async login(input) {
  941     try {
→ 942         const user = await this.prisma.user.findUnique(
Error occurred during query execution:
ConnectorError(ConnectorError { user_facing_error: None, kind: QueryError(PostgresError { code: "42P05", message: "prepared statement \"s0\" already exists", severity: "ERROR", detail: None, column: None, hint: None }), transient: false })
    at Vn.handleRequestError (C:\Users\HomePC\Desktop\opnmart\node_modules\.pnpm\@prisma+client@6.2.1_prisma@6.2.1\node_modules\@prisma\client\runtime\library.js:121:7530)
    at Vn.handleAndLogRequestError (C:\Users\HomePC\Desktop\opnmart\node_modules\.pnpm\@prisma+client@6.2.1_prisma@6.2.1\node_modules\@prisma\client\runtime\library.js:121:6663)
    at Vn.request (C:\Users\HomePC\Desktop\opnmart\node_modules\.pnpm\@prisma+client@6.2.1_prisma@6.2.1\node_modules\@prisma\client\runtime\library.js:121:6370)
    at async l (C:\Users\HomePC\Desktop\opnmart\node_modules\.pnpm\@prisma+client@6.2.1_prisma@6.2.1\node_modules\@prisma\client\runtime\library.js:130:9617)
    at async AuthService.login (C:\Users\HomePC\Desktop\opnmart\apps\api\dist\main.js:942:26)
    at async C:\Users\HomePC\Desktop\opnmart\node_modules\.pnpm\@nestjs+core@11.1.12_@nestj_d4f2512e6cfda32d7d07275a8418aecf\node_modules\@nestjs\core\router\router-execution-context.js:46:28
    at async C:\Users\HomePC\Desktop\opnmart\node_modules\.pnpm\@nestjs+core@11.1.12_@nestj_d4f2512e6cfda32d7d07275a8418aecf\node_modules\@nestjs\core\router\router-proxy.js:9:17
[2026-01-30T09:35:30.561Z] POST /api/auth/login - Error: {"name":"PrismaClientUnknownRequestError","clientVersion":"6.2.1"}
Stack: PrismaClientUnknownRequestError: 
Invalid `this.prisma.user.findUnique()` invocation in
C:\Users\HomePC\Desktop\opnmart\apps\api\dist\main.js:942:49

  939 }
  940 async login(input) {
  941     try {
→ 942         const user = await this.prisma.user.findUnique(
Error occurred during query execution:
ConnectorError(ConnectorError { user_facing_error: None, kind: QueryError(PostgresError { code: "42P05", message: "prepared statement \"s1\" already exists", severity: "ERROR", detail: None, column: None, hint: None }), transient: false })
    at Vn.handleRequestError (C:\Users\HomePC\Desktop\opnmart\node_modules\.pnpm\@prisma+client@6.2.1_prisma@6.2.1\node_modules\@prisma\client\runtime\library.js:121:7530)
    at Vn.handleAndLogRequestError (C:\Users\HomePC\Desktop\opnmart\node_modules\.pnpm\@prisma+client@6.2.1_prisma@6.2.1\node_modules\@prisma\client\runtime\library.js:121:6663)
    at Vn.request (C:\Users\HomePC\Desktop\opnmart\node_modules\.pnpm\@prisma+client@6.2.1_prisma@6.2.1\node_modules\@prisma\client\runtime\library.js:121:6370)
    at async l (C:\Users\HomePC\Desktop\opnmart\node_modules\.pnpm\@prisma+client@6.2.1_prisma@6.2.1\node_modules\@prisma\client\runtime\library.js:130:9617)
    at async AuthService.login (C:\Users\HomePC\Desktop\opnmart\apps\api\dist\main.js:942:26)
    at async C:\Users\HomePC\Desktop\opnmart\node_modules\.pnpm\@nestjs+core@11.1.12_@nestj_d4f2512e6cfda32d7d07275a8418aecf\node_modules\@nestjs\core\router\router-execution-context.js:46:28
    at async C:\Users\HomePC\Desktop\opnmart\node_modules\.pnpm\@nestjs+core@11.1.12_@nestj_d4f2512e6cfda32d7d07275a8418aecf\node_modules\@nestjs\core\router\router-proxy.js:9:17
[2026-01-30T09:35:43.593Z] POST /api/auth/login - Error: {"name":"PrismaClientUnknownRequestError","clientVersion":"6.2.1"}
Stack: PrismaClientUnknownRequestError: 
Invalid `this.prisma.user.findUnique()` invocation in
C:\Users\HomePC\Desktop\opnmart\apps\api\dist\main.js:942:49

  939 }
  940 async login(input) {
  941     try {
→ 942         const user = await this.prisma.user.findUnique(
Error occurred during query execution:
ConnectorError(ConnectorError { user_facing_error: None, kind: QueryError(PostgresError { code: "42P05", message: "prepared statement \"s2\" already exists", severity: "ERROR", detail: None, column: None, hint: None }), transient: false })
    at Vn.handleRequestError (C:\Users\HomePC\Desktop\opnmart\node_modules\.pnpm\@prisma+client@6.2.1_prisma@6.2.1\node_modules\@prisma\client\runtime\library.js:121:7530)
    at Vn.handleAndLogRequestError (C:\Users\HomePC\Desktop\opnmart\node_modules\.pnpm\@prisma+client@6.2.1_prisma@6.2.1\node_modules\@prisma\client\runtime\library.js:121:6663)
    at Vn.request (C:\Users\HomePC\Desktop\opnmart\node_modules\.pnpm\@prisma+client@6.2.1_prisma@6.2.1\node_modules\@prisma\client\runtime\library.js:121:6370)
    at async l (C:\Users\HomePC\Desktop\opnmart\node_modules\.pnpm\@prisma+client@6.2.1_prisma@6.2.1\node_modules\@prisma\client\runtime\library.js:130:9617)
    at async AuthService.login (C:\Users\HomePC\Desktop\opnmart\apps\api\dist\main.js:942:26)
    at async C:\Users\HomePC\Desktop\opnmart\node_modules\.pnpm\@nestjs+core@11.1.12_@nestj_d4f2512e6cfda32d7d07275a8418aecf\node_modules\@nestjs\core\router\router-execution-context.js:46:28
    at async C:\Users\HomePC\Desktop\opnmart\node_modules\.pnpm\@nestjs+core@11.1.12_@nestj_d4f2512e6cfda32d7d07275a8418aecf\node_modules\@nestjs\core\router\router-proxy.js:9:17
[2026-01-30T09:35:52.433Z] POST /api/auth/login - Error: {"name":"PrismaClientUnknownRequestError","clientVersion":"6.2.1"}
Stack: PrismaClientUnknownRequestError: 
Invalid `this.prisma.user.findUnique()` invocation in
C:\Users\HomePC\Desktop\opnmart\apps\api\dist\main.js:942:49

  939 }
  940 async login(input) {
  941     try {
→ 942         const user = await this.prisma.user.findUnique(
Error occurred during query execution:
ConnectorError(ConnectorError { user_facing_error: None, kind: QueryError(PostgresError { code: "42P05", message: "prepared statement \"s3\" already exists", severity: "ERROR", detail: None, column: None, hint: None }), transient: false })
    at Vn.handleRequestError (C:\Users\HomePC\Desktop\opnmart\node_modules\.pnpm\@prisma+client@6.2.1_prisma@6.2.1\node_modules\@prisma\client\runtime\library.js:121:7530)
    at Vn.handleAndLogRequestError (C:\Users\HomePC\Desktop\opnmart\node_modules\.pnpm\@prisma+client@6.2.1_prisma@6.2.1\node_modules\@prisma\client\runtime\library.js:121:6663)
    at Vn.request (C:\Users\HomePC\Desktop\opnmart\node_modules\.pnpm\@prisma+client@6.2.1_prisma@6.2.1\node_modules\@prisma\client\runtime\library.js:121:6370)
    at async l (C:\Users\HomePC\Desktop\opnmart\node_modules\.pnpm\@prisma+client@6.2.1_prisma@6.2.1\node_modules\@prisma\client\runtime\library.js:130:9617)
    at async AuthService.login (C:\Users\HomePC\Desktop\opnmart\apps\api\dist\main.js:942:26)
    at async C:\Users\HomePC\Desktop\opnmart\node_modules\.pnpm\@nestjs+core@11.1.12_@nestj_d4f2512e6cfda32d7d07275a8418aecf\node_modules\@nestjs\core\router\router-execution-context.js:46:28
    at async C:\Users\HomePC\Desktop\opnmart\node_modules\.pnpm\@nestjs+core@11.1.12_@nestj_d4f2512e6cfda32d7d07275a8418aecf\node_modules\@nestjs\core\router\router-proxy.js:9:17
[2026-01-30T09:37:50.855Z] POST /api/auth/login - Error: {"name":"PrismaClientUnknownRequestError","clientVersion":"6.2.1"}
Stack: PrismaClientUnknownRequestError: 
Invalid `this.prisma.user.findUnique()` invocation in
C:\Users\HomePC\Desktop\opnmart\apps\api\dist\main.js:942:49

  939 }
  940 async login(input) {
  941     try {
→ 942         const user = await this.prisma.user.findUnique(
Error occurred during query execution:
ConnectorError(ConnectorError { user_facing_error: None, kind: QueryError(PostgresError { code: "42P05", message: "prepared statement \"s4\" already exists", severity: "ERROR", detail: None, column: None, hint: None }), transient: false })
    at Vn.handleRequestError (C:\Users\HomePC\Desktop\opnmart\node_modules\.pnpm\@prisma+client@6.2.1_prisma@6.2.1\node_modules\@prisma\client\runtime\library.js:121:7530)
    at Vn.handleAndLogRequestError (C:\Users\HomePC\Desktop\opnmart\node_modules\.pnpm\@prisma+client@6.2.1_prisma@6.2.1\node_modules\@prisma\client\runtime\library.js:121:6663)
    at Vn.request (C:\Users\HomePC\Desktop\opnmart\node_modules\.pnpm\@prisma+client@6.2.1_prisma@6.2.1\node_modules\@prisma\client\runtime\library.js:121:6370)
    at async l (C:\Users\HomePC\Desktop\opnmart\node_modules\.pnpm\@prisma+client@6.2.1_prisma@6.2.1\node_modules\@prisma\client\runtime\library.js:130:9617)
    at async AuthService.login (C:\Users\HomePC\Desktop\opnmart\apps\api\dist\main.js:942:26)
    at async C:\Users\HomePC\Desktop\opnmart\node_modules\.pnpm\@nestjs+core@11.1.12_@nestj_d4f2512e6cfda32d7d07275a8418aecf\node_modules\@nestjs\core\router\router-execution-context.js:46:28
    at async C:\Users\HomePC\Desktop\opnmart\node_modules\.pnpm\@nestjs+core@11.1.12_@nestj_d4f2512e6cfda32d7d07275a8418aecf\node_modules\@nestjs\core\router\router-proxy.js:9:17
[2026-01-30T09:39:39.186Z] POST /api/products - Error: {"name":"PrismaClientValidationError","clientVersion":"6.2.1"}
Stack: PrismaClientValidationError: 
Invalid `this.prisma.product.create()` invocation in
C:\Users\HomePC\Desktop\opnmart\apps\api\dist\main.js:1669:46

  1666     throw new common_1.NotFoundException('Store not found');
  1667 }
  1668 try {
→ 1669     return await this.prisma.product.create({
             data: {
               name: "Empi",
               description: "this is empis outfit ",
               price: 90000,
               discountPrice: 85000,
               stock: 40,
               category: "Fashion, Clothing & Accessories",
               ~~~~~~~~
               colors: [
                 "Red"
               ],
               sizes: [
                 "M",
                 "XL"
               ],
               images: [
                 "https://res.cloudinary.com/dszhk3kwv/image/upload/v1769765979/bhnlzj1bno4jrrcbhhsy.jpg"
               ],
               storeId: "cmkztppkc0005ue0sxvfxpprr",
               tenantId: "tenant_am2utsw",
           ?   id?: String,
           ?   createdAt?: DateTime,
           ?   updatedAt?: DateTime,
           ?   inventory?: InventoryUncheckedCreateNestedOneWithoutProductInput,
           ?   orderItems?: OrderItemUncheckedCreateNestedManyWithoutProductInput
             }
           })

Unknown argument `category`. Available options are marked with ?.
    at wn (C:\Users\HomePC\Desktop\opnmart\node_modules\.pnpm\@prisma+client@6.2.1_prisma@6.2.1\node_modules\@prisma\client\runtime\library.js:29:1363)
    at Vn.handleRequestError (C:\Users\HomePC\Desktop\opnmart\node_modules\.pnpm\@prisma+client@6.2.1_prisma@6.2.1\node_modules\@prisma\client\runtime\library.js:121:6982)
    at Vn.handleAndLogRequestError (C:\Users\HomePC\Desktop\opnmart\node_modules\.pnpm\@prisma+client@6.2.1_prisma@6.2.1\node_modules\@prisma\client\runtime\library.js:121:6663)
    at Vn.request (C:\Users\HomePC\Desktop\opnmart\node_modules\.pnpm\@prisma+client@6.2.1_prisma@6.2.1\node_modules\@prisma\client\runtime\library.js:121:6370)
    at async l (C:\Users\HomePC\Desktop\opnmart\node_modules\.pnpm\@prisma+client@6.2.1_prisma@6.2.1\node_modules\@prisma\client\runtime\library.js:130:9617)
    at async ProductsService.create (C:\Users\HomePC\Desktop\opnmart\apps\api\dist\main.js:1669:20)
